c:\users\ccrowe\documents\visual studio 2013\projects\excelwrapper\excelwrapper\debug\excelwrapper.pch
c:\users\ccrowe\documents\visual studio 2013\projects\excelwrapper\excelwrapper\debug\vc120.pdb
c:\users\ccrowe\documents\visual studio 2013\projects\excelwrapper\excelwrapper\debug\stdafx.obj
c:\users\ccrowe\documents\visual studio 2013\projects\excelwrapper\excelwrapper\debug\worksheet.obj
c:\users\ccrowe\documents\visual studio 2013\projects\excelwrapper\excelwrapper\debug\workbook.obj
c:\users\ccrowe\documents\visual studio 2013\projects\excelwrapper\excelwrapper\debug\range.obj
c:\users\ccrowe\documents\visual studio 2013\projects\excelwrapper\excelwrapper\debug\excelapplication.obj
c:\users\ccrowe\documents\visual studio 2013\projects\excelwrapper\excelwrapper\debug\assemblyinfo.obj
c:\users\ccrowe\documents\visual studio 2013\projects\excelwrapper\excelwrapper\debug\.netframework,version=v4.5.assemblyattributes.obj
c:\users\ccrowe\documents\visual studio 2013\projects\excelwrapper\debug\excelwrapper.dll
c:\users\ccrowe\documents\visual studio 2013\projects\excelwrapper\debug\excelwrapper.pdb
c:\users\ccrowe\documents\visual studio 2013\projects\excelwrapper\excelwrapper\debug\excelwrapper.tlog\metagen.write.1.tlog
c:\users\ccrowe\documents\visual studio 2013\projects\excelwrapper\excelwrapper\debug\app.res
c:\users\ccrowe\documents\visual studio 2013\projects\excelwrapper\excelwrapper\debug\excelwrapper.vcxproj.resolvecomreference.cache
c:\users\ccrowe\documents\visual studio 2013\projects\excelwrapper\excelwrapper\debug\excelwrapper.vcxprojresolveassemblyreference.cache
c:\users\ccrowe\documents\visual studio 2013\projects\excelwrapper\excelwrapper\debug\excelwrapper.tlog\cl.command.1.tlog
c:\users\ccrowe\documents\visual studio 2013\projects\excelwrapper\excelwrapper\debug\excelwrapper.tlog\cl.read.1.tlog
c:\users\ccrowe\documents\visual studio 2013\projects\excelwrapper\excelwrapper\debug\excelwrapper.tlog\cl.write.1.tlog
c:\users\ccrowe\documents\visual studio 2013\projects\excelwrapper\excelwrapper\debug\excelwrapper.tlog\link.command.1.tlog
c:\users\ccrowe\documents\visual studio 2013\projects\excelwrapper\excelwrapper\debug\excelwrapper.tlog\link.read.1.tlog
c:\users\ccrowe\documents\visual studio 2013\projects\excelwrapper\excelwrapper\debug\excelwrapper.tlog\link.write.1.tlog
c:\users\ccrowe\documents\visual studio 2013\projects\excelwrapper\excelwrapper\debug\excelwrapper.tlog\metagen.read.1.tlog
c:\users\ccrowe\documents\visual studio 2013\projects\excelwrapper\excelwrapper\debug\excelwrapper.tlog\rc.command.1.tlog
c:\users\ccrowe\documents\visual studio 2013\projects\excelwrapper\excelwrapper\debug\excelwrapper.tlog\rc.read.1.tlog
c:\users\ccrowe\documents\visual studio 2013\projects\excelwrapper\excelwrapper\debug\excelwrapper.tlog\rc.write.1.tlog
c:\users\ccrowe\documents\visual studio 2013\projects\excelwrapper\excelwrapper\debug\excelwrapper.tlog\interop.microsoft.office.interop.excel.1.8.dll.metagen
c:\users\ccrowe\documents\visual studio 2013\projects\excelwrapper\excelwrapper\debug\excelwrapper.tlog\tzres.dll.bi
